mode: atomic
github.com/orbit-w/aho_corasick/aho_corasick/ac.go:30.33,32.2 1 0
github.com/orbit-w/aho_corasick/aho_corasick/ac.go:34.53,35.30 1 0
github.com/orbit-w/aho_corasick/aho_corasick/ac.go:35.30,36.46 1 0
github.com/orbit-w/aho_corasick/aho_corasick/ac.go:36.46,38.4 1 0
github.com/orbit-w/aho_corasick/aho_corasick/ac.go:46.45,50.2 3 4
github.com/orbit-w/aho_corasick/aho_corasick/ac.go:52.44,54.16 2 4
github.com/orbit-w/aho_corasick/aho_corasick/ac.go:54.16,56.3 1 0
github.com/orbit-w/aho_corasick/aho_corasick/ac.go:57.2,58.27 2 4
github.com/orbit-w/aho_corasick/aho_corasick/ac.go:61.45,64.6 3 4
github.com/orbit-w/aho_corasick/aho_corasick/ac.go:64.6,66.17 2 490565
github.com/orbit-w/aho_corasick/aho_corasick/ac.go:66.17,67.21 1 4
github.com/orbit-w/aho_corasick/aho_corasick/ac.go:67.21,69.5 1 0
github.com/orbit-w/aho_corasick/aho_corasick/ac.go:70.4,70.9 1 4
github.com/orbit-w/aho_corasick/aho_corasick/ac.go:72.3,72.42 1 490561
github.com/orbit-w/aho_corasick/aho_corasick/ac.go:75.2,76.12 2 4
github.com/orbit-w/aho_corasick/aho_corasick/ac.go:79.44,98.2 14 8
github.com/orbit-w/aho_corasick/aho_corasick/ac.go:100.26,102.2 1 2
github.com/orbit-w/aho_corasick/aho_corasick/ac.go:105.44,107.74 2 0
github.com/orbit-w/aho_corasick/aho_corasick/ac.go:107.74,108.18 1 0
github.com/orbit-w/aho_corasick/aho_corasick/ac.go:108.18,111.4 2 0
github.com/orbit-w/aho_corasick/aho_corasick/ac.go:112.3,112.9 1 0
github.com/orbit-w/aho_corasick/aho_corasick/ac.go:114.2,114.14 1 0
github.com/orbit-w/aho_corasick/aho_corasick/ac.go:117.47,119.74 2 6
github.com/orbit-w/aho_corasick/aho_corasick/ac.go:119.74,120.28 1 86
github.com/orbit-w/aho_corasick/aho_corasick/ac.go:120.28,127.4 3 73
github.com/orbit-w/aho_corasick/aho_corasick/ac.go:128.3,128.9 1 86
github.com/orbit-w/aho_corasick/aho_corasick/ac.go:130.2,130.17 1 6
github.com/orbit-w/aho_corasick/aho_corasick/ac.go:134.61,136.71 2 1
github.com/orbit-w/aho_corasick/aho_corasick/ac.go:136.71,137.34 1 34
github.com/orbit-w/aho_corasick/aho_corasick/ac.go:137.34,138.58 1 33
github.com/orbit-w/aho_corasick/aho_corasick/ac.go:138.58,140.5 1 142
github.com/orbit-w/aho_corasick/aho_corasick/ac.go:142.3,142.9 1 34
github.com/orbit-w/aho_corasick/aho_corasick/ac.go:144.2,144.19 1 1
github.com/orbit-w/aho_corasick/aho_corasick/ac.go:149.58,154.25 5 5
github.com/orbit-w/aho_corasick/aho_corasick/ac.go:154.25,155.26 1 100
github.com/orbit-w/aho_corasick/aho_corasick/ac.go:155.26,158.28 3 197
github.com/orbit-w/aho_corasick/aho_corasick/ac.go:158.28,161.10 3 95
github.com/orbit-w/aho_corasick/aho_corasick/ac.go:164.4,168.31 4 102
github.com/orbit-w/aho_corasick/aho_corasick/ac.go:168.31,169.54 1 54
github.com/orbit-w/aho_corasick/aho_corasick/ac.go:169.54,171.6 1 155
github.com/orbit-w/aho_corasick/aho_corasick/ac.go:175.2,175.19 1 5
github.com/orbit-w/aho_corasick/aho_corasick/ac.go:178.97,184.26 2 7
github.com/orbit-w/aho_corasick/aho_corasick/ac.go:184.26,192.20 3 139
github.com/orbit-w/aho_corasick/aho_corasick/ac.go:193.18,194.39 1 19
github.com/orbit-w/aho_corasick/aho_corasick/ac.go:195.11,198.19 3 120
github.com/orbit-w/aho_corasick/aho_corasick/ac.go:198.19,200.5 1 0
github.com/orbit-w/aho_corasick/aho_corasick/ac.go:205.35,208.6 3 139
github.com/orbit-w/aho_corasick/aho_corasick/ac.go:208.6,210.26 2 208
github.com/orbit-w/aho_corasick/aho_corasick/ac.go:210.26,214.4 3 120
github.com/orbit-w/aho_corasick/aho_corasick/ac.go:216.3,216.25 1 88
github.com/orbit-w/aho_corasick/aho_corasick/ac.go:216.25,220.4 3 19
github.com/orbit-w/aho_corasick/aho_corasick/ac.go:222.3,223.27 2 69
github.com/orbit-w/aho_corasick/aho_corasick/ac.go:227.33,229.2 1 291
github.com/orbit-w/aho_corasick/aho_corasick/ac.go:231.41,232.18 1 405
github.com/orbit-w/aho_corasick/aho_corasick/ac.go:232.18,234.3 1 12
github.com/orbit-w/aho_corasick/aho_corasick/ac.go:235.2,235.30 1 393
github.com/orbit-w/aho_corasick/aho_corasick/ac.go:238.34,240.40 2 8
github.com/orbit-w/aho_corasick/aho_corasick/ac.go:240.40,241.18 1 931346
github.com/orbit-w/aho_corasick/aho_corasick/ac.go:241.18,243.4 1 8
github.com/orbit-w/aho_corasick/aho_corasick/ac.go:245.3,249.19 3 931338
github.com/orbit-w/aho_corasick/aho_corasick/ac.go:249.19,253.31 2 767617
github.com/orbit-w/aho_corasick/aho_corasick/ac.go:253.31,258.5 2 1534412
github.com/orbit-w/aho_corasick/aho_corasick/ac.go:259.4,259.35 1 767617
github.com/orbit-w/aho_corasick/aho_corasick/ac.go:261.3,261.9 1 931338
github.com/orbit-w/aho_corasick/aho_corasick/ac.go:265.24,266.26 1 1
github.com/orbit-w/aho_corasick/aho_corasick/ac.go:266.26,267.33 1 120
github.com/orbit-w/aho_corasick/aho_corasick/ac.go:267.33,269.4 1 10
github.com/orbit-w/aho_corasick/aho_corasick/builder.go:19.31,23.2 1 10
github.com/orbit-w/aho_corasick/aho_corasick/builder.go:25.55,26.31 1 931367
github.com/orbit-w/aho_corasick/aho_corasick/builder.go:26.31,28.3 1 341108
github.com/orbit-w/aho_corasick/aho_corasick/builder.go:30.2,37.6 4 590259
github.com/orbit-w/aho_corasick/aho_corasick/builder.go:37.6,39.34 1 590259
github.com/orbit-w/aho_corasick/aho_corasick/builder.go:39.34,43.25 4 232391188
github.com/orbit-w/aho_corasick/aho_corasick/builder.go:43.25,45.15 2 89313483
github.com/orbit-w/aho_corasick/aho_corasick/builder.go:47.4,47.20 1 143077705
github.com/orbit-w/aho_corasick/aho_corasick/builder.go:49.3,49.8 1 590259
github.com/orbit-w/aho_corasick/aho_corasick/builder.go:52.2,55.33 3 590259
github.com/orbit-w/aho_corasick/aho_corasick/builder.go:55.33,63.3 5 931357
github.com/orbit-w/aho_corasick/aho_corasick/builder.go:64.2,64.8 1 590259
github.com/orbit-w/aho_corasick/aho_corasick/builder.go:67.65,73.2 5 590259
github.com/orbit-w/aho_corasick/aho_corasick/builder.go:75.54,77.23 2 590259
github.com/orbit-w/aho_corasick/aho_corasick/builder.go:77.23,78.16 1 143077705
github.com/orbit-w/aho_corasick/aho_corasick/builder.go:78.16,81.4 2 590259
github.com/orbit-w/aho_corasick/aho_corasick/builder.go:85.38,90.2 4 0
github.com/orbit-w/aho_corasick/aho_corasick/dat.go:26.45,28.16 2 0
github.com/orbit-w/aho_corasick/aho_corasick/dat.go:28.16,30.3 1 0
github.com/orbit-w/aho_corasick/aho_corasick/dat.go:31.2,31.15 1 0
github.com/orbit-w/aho_corasick/aho_corasick/dat.go:31.15,33.3 1 0
github.com/orbit-w/aho_corasick/aho_corasick/dat.go:35.2,37.6 3 0
github.com/orbit-w/aho_corasick/aho_corasick/dat.go:37.6,39.17 2 0
github.com/orbit-w/aho_corasick/aho_corasick/dat.go:39.17,40.21 1 0
github.com/orbit-w/aho_corasick/aho_corasick/dat.go:40.21,42.5 1 0
github.com/orbit-w/aho_corasick/aho_corasick/dat.go:43.4,43.9 1 0
github.com/orbit-w/aho_corasick/aho_corasick/dat.go:45.3,45.42 1 0
github.com/orbit-w/aho_corasick/aho_corasick/dat.go:48.2,52.12 5 0
github.com/orbit-w/aho_corasick/aho_corasick/dat.go:55.24,61.2 5 10
github.com/orbit-w/aho_corasick/aho_corasick/dat.go:63.35,66.42 3 10
github.com/orbit-w/aho_corasick/aho_corasick/dat.go:66.42,69.3 2 931367
github.com/orbit-w/aho_corasick/aho_corasick/dat.go:72.43,74.28 2 3
github.com/orbit-w/aho_corasick/aho_corasick/dat.go:74.28,76.27 2 12
github.com/orbit-w/aho_corasick/aho_corasick/dat.go:76.27,78.4 1 1
github.com/orbit-w/aho_corasick/aho_corasick/dat.go:79.3,79.12 1 11
github.com/orbit-w/aho_corasick/aho_corasick/dat.go:81.2,81.28 1 2
github.com/orbit-w/aho_corasick/aho_corasick/dat.go:84.30,86.2 1 8
github.com/orbit-w/aho_corasick/aho_corasick/dat.go:88.27,90.2 1 0
github.com/orbit-w/aho_corasick/aho_corasick/dat.go:92.42,93.18 1 12
github.com/orbit-w/aho_corasick/aho_corasick/dat.go:93.18,95.3 1 0
github.com/orbit-w/aho_corasick/aho_corasick/dat.go:96.2,96.30 1 12
github.com/orbit-w/aho_corasick/aho_corasick/dat.go:99.37,101.2 1 12
github.com/orbit-w/aho_corasick/aho_corasick/dat.go:103.35,104.18 1 232391188
github.com/orbit-w/aho_corasick/aho_corasick/dat.go:104.18,106.3 1 273031
github.com/orbit-w/aho_corasick/aho_corasick/dat.go:108.2,108.46 1 232118157
github.com/orbit-w/aho_corasick/aho_corasick/dat.go:111.32,112.19 1 590259
github.com/orbit-w/aho_corasick/aho_corasick/dat.go:112.19,113.19 1 590212
github.com/orbit-w/aho_corasick/aho_corasick/dat.go:113.19,115.4 1 183957
github.com/orbit-w/aho_corasick/aho_corasick/dat.go:116.3,116.9 1 590212
github.com/orbit-w/aho_corasick/aho_corasick/dat.go:119.2,122.14 3 47
github.com/orbit-w/aho_corasick/aho_corasick/dat.go:125.26,133.2 6 47
github.com/orbit-w/aho_corasick/aho_corasick/dat.go:136.57,137.12 1 1521616
github.com/orbit-w/aho_corasick/aho_corasick/dat.go:137.12,139.3 1 640062
github.com/orbit-w/aho_corasick/aho_corasick/dat.go:139.8,141.3 1 881554
github.com/orbit-w/aho_corasick/aho_corasick/dat.go:144.38,145.22 1 0
github.com/orbit-w/aho_corasick/aho_corasick/dat.go:145.22,147.3 1 0
github.com/orbit-w/aho_corasick/aho_corasick/dat.go:148.2,148.30 1 0
github.com/orbit-w/aho_corasick/aho_corasick/dat.go:151.25,154.2 2 1
github.com/orbit-w/aho_corasick/aho_corasick/heap.go:11.33,13.2 1 0
github.com/orbit-w/aho_corasick/aho_corasick/heap.go:15.35,17.2 1 0
github.com/orbit-w/aho_corasick/aho_corasick/heap.go:19.33,25.2 5 0
github.com/orbit-w/aho_corasick/aho_corasick/key_slice.go:16.40,17.21 1 0
github.com/orbit-w/aho_corasick/aho_corasick/key_slice.go:17.21,19.23 2 0
github.com/orbit-w/aho_corasick/aho_corasick/key_slice.go:19.23,21.4 1 0
github.com/orbit-w/aho_corasick/aho_corasick/key_slice.go:23.2,23.8 1 0
github.com/orbit-w/aho_corasick/aho_corasick/key_slice.go:26.34,28.2 1 11
github.com/orbit-w/aho_corasick/aho_corasick/key_slice.go:30.44,32.28 2 2308515
github.com/orbit-w/aho_corasick/aho_corasick/key_slice.go:32.28,33.29 1 5207363
github.com/orbit-w/aho_corasick/aho_corasick/key_slice.go:33.29,35.4 1 2135905
github.com/orbit-w/aho_corasick/aho_corasick/key_slice.go:37.2,37.34 1 172610
github.com/orbit-w/aho_corasick/aho_corasick/key_slice.go:40.39,42.2 1 559274
github.com/orbit-w/aho_corasick/aho_corasick/trie.go:23.42,24.37 1 4784235
github.com/orbit-w/aho_corasick/aho_corasick/trie.go:24.37,25.22 1 523969885
github.com/orbit-w/aho_corasick/aho_corasick/trie.go:25.22,27.4 1 3421382
github.com/orbit-w/aho_corasick/aho_corasick/trie.go:29.2,29.12 1 1362853
github.com/orbit-w/aho_corasick/aho_corasick/trie.go:32.40,34.2 1 0
github.com/orbit-w/aho_corasick/aho_corasick/trie.go:36.30,38.2 1 931346
github.com/orbit-w/aho_corasick/aho_corasick/trie.go:40.31,42.2 1 931338
github.com/orbit-w/aho_corasick/aho_corasick/trie.go:44.29,46.2 1 234503063
github.com/orbit-w/aho_corasick/aho_corasick/trie.go:53.40,60.25 2 10
github.com/orbit-w/aho_corasick/aho_corasick/trie.go:60.25,62.25 2 490585
github.com/orbit-w/aho_corasick/aho_corasick/trie.go:62.25,64.20 2 3427570
github.com/orbit-w/aho_corasick/aho_corasick/trie.go:64.20,71.21 2 931357
github.com/orbit-w/aho_corasick/aho_corasick/trie.go:71.21,73.6 1 490585
github.com/orbit-w/aho_corasick/aho_corasick/trie.go:74.5,75.53 2 931357
github.com/orbit-w/aho_corasick/aho_corasick/trie.go:77.4,77.18 1 3427570
github.com/orbit-w/aho_corasick/aho_corasick/trie.go:82.32,84.26 2 931338
github.com/orbit-w/aho_corasick/aho_corasick/trie.go:84.26,86.3 1 694853
github.com/orbit-w/aho_corasick/aho_corasick/trie.go:87.2,87.18 1 931338
github.com/orbit-w/aho_corasick/aho_corasick/trie.go:90.45,91.54 1 931338
github.com/orbit-w/aho_corasick/aho_corasick/trie.go:91.54,92.50 1 1356665
github.com/orbit-w/aho_corasick/aho_corasick/trie.go:92.50,94.4 1 925169
github.com/orbit-w/aho_corasick/aho_corasick/trie.go:96.2,97.8 2 6169
github.com/orbit-w/aho_corasick/aho_corasick/trie.go:100.50,103.21 3 18
github.com/orbit-w/aho_corasick/aho_corasick/trie.go:103.21,108.11 4 1862713
github.com/orbit-w/aho_corasick/aho_corasick/trie.go:108.11,109.9 1 0
github.com/orbit-w/aho_corasick/aho_corasick/trie.go:112.3,112.32 1 1862713
github.com/orbit-w/aho_corasick/aho_corasick/trie.go:112.32,115.4 2 1862695
github.com/orbit-w/aho_corasick/aho_corasick/trie.go:119.50,122.25 3 0
github.com/orbit-w/aho_corasick/aho_corasick/trie.go:122.25,125.11 3 0
github.com/orbit-w/aho_corasick/aho_corasick/trie.go:125.11,126.9 1 0
github.com/orbit-w/aho_corasick/aho_corasick/trie.go:128.3,128.48 1 0
github.com/orbit-w/aho_corasick/aho_corasick/trie.go:128.48,131.4 2 0
github.com/orbit-w/aho_corasick/aho_corasick/trie.go:135.25,137.2 1 8
github.com/orbit-w/aho_corasick/aho_corasick/trie.go:139.26,140.32 1 0
github.com/orbit-w/aho_corasick/aho_corasick/trie.go:140.32,141.18 1 0
github.com/orbit-w/aho_corasick/aho_corasick/trie.go:141.18,143.4 1 0
github.com/orbit-w/aho_corasick/aho_corasick/trie.go:144.3,146.15 3 0
github.com/orbit-w/aho_corasick/aho_corasick/trie.go:150.36,151.26 1 0
github.com/orbit-w/aho_corasick/aho_corasick/trie.go:151.26,153.3 1 0
github.com/orbit-w/aho_corasick/aho_corasick/trie.go:154.2,155.38 2 0
github.com/orbit-w/aho_corasick/aho_corasick/trie.go:155.38,157.3 1 0
